# JRE version: Java(TM) SE Runtime Environment (8.0-b132) (build 1.8.0-b132)
# Java VM: Java HotSpot(TM) 64-Bit Server VM (25.0-b70 mixed mode bsd-amd64 compressed oops)
Heap:
 PSYoungGen      total 134656K, used 15993K [0x00000007a0000000, 0x00000007ab300000, 0x00000007c0000000)
  eden space 120320K, 1% used [0x00000007a0000000,0x00000007a01a4820,0x00000007a7580000)
  from space 14336K, 99% used [0x00000007a8f00000,0x00000007a9cf9e80,0x00000007a9d00000)
  to   space 26112K, 0% used [0x00000007a7580000,0x00000007a7580000,0x00000007a8f00000)
 ParOldGen       total 522752K, used 55135K [0x0000000760000000, 0x000000077fe80000, 0x00000007a0000000)
  object space 522752K, 10% used [0x0000000760000000,0x00000007635d7c30,0x000000077fe80000)
 Metaspace       used 52950K, capacity 53427K, committed 53760K, reserved 1093632K
  class space    used 10026K, capacity 10139K, committed 10240K, reserved 1048576K
GC Heap History (10 events):
Event: 5.884 GC heap before
{Heap before GC invocations=22 (full 1):
 PSYoungGen      total 84992K, used 84992K [0x00000007a0000000, 0x00000007a6580000, 0x00000007c0000000)
  eden space 78336K, 100% used [0x00000007a0000000,0x00000007a4c80000,0x00000007a4c80000)
  from space 6656K, 100% used [0x00000007a5700000,0x00000007a5d80000,0x00000007a5d80000)
  to   space 10752K, 0% used [0x00000007a4c80000,0x00000007a4c80000,0x00000007a5700000)
 ParOldGen       total 522752K, used 16630K [0x0000000760000000, 0x000000077fe80000, 0x00000007a0000000)
  object space 522752K, 3% used [0x0000000760000000,0x000000076103dbf8,0x000000077fe80000)
 Metaspace       used 26829K, capacity 27216K, committed 27264K, reserved 1071104K
  class space    used 5608K, capacity 5740K, committed 5760K, reserved 1048576K
Event: 5.908 GC heap after
Heap after GC invocations=22 (full 1):
 PSYoungGen      total 89088K, used 5015K [0x00000007a0000000, 0x00000007a7880000, 0x00000007c0000000)
  eden space 78336K, 0% used [0x00000007a0000000,0x00000007a0000000,0x00000007a4c80000)
  from space 10752K, 46% used [0x00000007a4c80000,0x00000007a5165d70,0x00000007a5700000)
  to   space 10240K, 0% used [0x00000007a6e80000,0x00000007a6e80000,0x00000007a7880000)
 ParOldGen       total 522752K, used 23343K [0x0000000760000000, 0x000000077fe80000, 0x00000007a0000000)
  object space 522752K, 4% used [0x0000000760000000,0x00000007616cbc68,0x000000077fe80000)
 Metaspace       used 26829K, capacity 27216K, committed 27264K, reserved 1071104K
  class space    used 5608K, capacity 5740K, committed 5760K, reserved 1048576K
}
Event: 34.404 GC heap before
{Heap before GC invocations=23 (full 1):
 PSYoungGen      total 89088K, used 65187K [0x00000007a0000000, 0x00000007a7880000, 0x00000007c0000000)
  eden space 78336K, 76% used [0x00000007a0000000,0x00000007a3ac2ea0,0x00000007a4c80000)
  from space 10752K, 46% used [0x00000007a4c80000,0x00000007a5165d70,0x00000007a5700000)
  to   space 10240K, 0% used [0x00000007a6e80000,0x00000007a6e80000,0x00000007a7880000)
 ParOldGen       total 522752K, used 23343K [0x0000000760000000, 0x000000077fe80000, 0x00000007a0000000)
  object space 522752K, 4% used [0x0000000760000000,0x00000007616cbc68,0x000000077fe80000)
 Metaspace       used 34655K, capacity 35104K, committed 35216K, reserved 1077248K
  class space    used 7016K, capacity 7132K, committed 7168K, reserved 1048576K
Event: 34.414 GC heap after
Heap after GC invocations=23 (full 1):
 PSYoungGen      total 111104K, used 8226K [0x00000007a0000000, 0x00000007a7880000, 0x00000007c0000000)
  eden space 100864K, 0% used [0x00000007a0000000,0x00000007a0000000,0x00000007a6280000)
  from space 10240K, 80% used [0x00000007a6e80000,0x00000007a76889c0,0x00000007a7880000)
  to   space 11264K, 0% used [0x00000007a6280000,0x00000007a6280000,0x00000007a6d80000)
 ParOldGen       total 522752K, used 26623K [0x0000000760000000, 0x000000077fe80000, 0x00000007a0000000)
  object space 522752K, 5% used [0x0000000760000000,0x00000007619ffcf8,0x000000077fe80000)
 Metaspace       used 34655K, capacity 35104K, committed 35216K, reserved 1077248K
  class space    used 7016K, capacity 7132K, committed 7168K, reserved 1048576K
}
Event: 34.414 GC heap before
{Heap before GC invocations=24 (full 2):
 PSYoungGen      total 111104K, used 8226K [0x00000007a0000000, 0x00000007a7880000, 0x00000007c0000000)
  eden space 100864K, 0% used [0x00000007a0000000,0x00000007a0000000,0x00000007a6280000)
  from space 10240K, 80% used [0x00000007a6e80000,0x00000007a76889c0,0x00000007a7880000)
  to   space 11264K, 0% used [0x00000007a6280000,0x00000007a6280000,0x00000007a6d80000)
 ParOldGen       total 522752K, used 26623K [0x0000000760000000, 0x000000077fe80000, 0x00000007a0000000)
  object space 522752K, 5% used [0x0000000760000000,0x00000007619ffcf8,0x000000077fe80000)
 Metaspace       used 34655K, capacity 35104K, committed 35216K, reserved 1077248K
  class space    used 7016K, capacity 7132K, committed 7168K, reserved 1048576K
Event: 34.507 GC heap after
Heap after GC invocations=24 (full 2):
 PSYoungGen      total 111104K, used 0K [0x00000007a0000000, 0x00000007a7880000, 0x00000007c0000000)
  eden space 100864K, 0% used [0x00000007a0000000,0x00000007a0000000,0x00000007a6280000)
  from space 10240K, 0% used [0x00000007a6e80000,0x00000007a6e80000,0x00000007a7880000)
  to   space 11264K, 0% used [0x00000007a6280000,0x00000007a6280000,0x00000007a6d80000)
 ParOldGen       total 522752K, used 28174K [0x0000000760000000, 0x000000077fe80000, 0x00000007a0000000)
  object space 522752K, 5% used [0x0000000760000000,0x0000000761b83998,0x000000077fe80000)
 Metaspace       used 34642K, capacity 35080K, committed 35216K, reserved 1077248K
  class space    used 7013K, capacity 7124K, committed 7168K, reserved 1048576K
}
Event: 39.269 GC heap before
{Heap before GC invocations=25 (full 2):
 PSYoungGen      total 111104K, used 100864K [0x00000007a0000000, 0x00000007a7880000, 0x00000007c0000000)
  eden space 100864K, 100% used [0x00000007a0000000,0x00000007a6280000,0x00000007a6280000)
  from space 10240K, 0% used [0x00000007a6e80000,0x00000007a6e80000,0x00000007a7880000)
  to   space 11264K, 0% used [0x00000007a6280000,0x00000007a6280000,0x00000007a6d80000)
 ParOldGen       total 522752K, used 28174K [0x0000000760000000, 0x000000077fe80000, 0x00000007a0000000)
  object space 522752K, 5% used [0x0000000760000000,0x0000000761b83998,0x000000077fe80000)
 Metaspace       used 44680K, capacity 45100K, committed 45312K, reserved 1085440K
  class space    used 8758K, capacity 8857K, committed 8960K, reserved 1048576K
Event: 39.285 GC heap after
Heap after GC invocations=25 (full 2):
 PSYoungGen      total 112128K, used 11252K [0x00000007a0000000, 0x00000007a9d00000, 0x00000007c0000000)
  eden space 100864K, 0% used [0x00000007a0000000,0x00000007a0000000,0x00000007a6280000)
  from space 11264K, 99% used [0x00000007a6280000,0x00000007a6d7d120,0x00000007a6d80000)
  to   space 14336K, 0% used [0x00000007a8f00000,0x00000007a8f00000,0x00000007a9d00000)
 ParOldGen       total 522752K, used 30727K [0x0000000760000000, 0x000000077fe80000, 0x00000007a0000000)
  object space 522752K, 5% used [0x0000000760000000,0x0000000761e01e88,0x000000077fe80000)
 Metaspace       used 44680K, capacity 45100K, committed 45312K, reserved 1085440K
  class space    used 8758K, capacity 8857K, committed 8960K, reserved 1048576K
}
Event: 40.872 GC heap before
{Heap before GC invocations=26 (full 2):
 PSYoungGen      total 112128K, used 112116K [0x00000007a0000000, 0x00000007a9d00000, 0x00000007c0000000)
  eden space 100864K, 100% used [0x00000007a0000000,0x00000007a6280000,0x00000007a6280000)
  from space 11264K, 99% used [0x00000007a6280000,0x00000007a6d7d120,0x00000007a6d80000)
  to   space 14336K, 0% used [0x00000007a8f00000,0x00000007a8f00000,0x00000007a9d00000)
 ParOldGen       total 522752K, used 30727K [0x0000000760000000, 0x000000077fe80000, 0x00000007a0000000)
  object space 522752K, 5% used [0x0000000760000000,0x0000000761e01e88,0x000000077fe80000)
 Metaspace       used 52851K, capacity 53331K, committed 53632K, reserved 1093632K
  class space    used 10000K, capacity 10107K, committed 10112K, reserved 1048576K
Event: 40.907 GC heap after
Heap after GC invocations=26 (full 2):
 PSYoungGen      total 134656K, used 14311K [0x00000007a0000000, 0x00000007ab300000, 0x00000007c0000000)
  eden space 120320K, 0% used [0x00000007a0000000,0x00000007a0000000,0x00000007a7580000)
  from space 14336K, 99% used [0x00000007a8f00000,0x00000007a9cf9e80,0x00000007a9d00000)
  to   space 26112K, 0% used [0x00000007a7580000,0x00000007a7580000,0x00000007a8f00000)
 ParOldGen       total 522752K, used 55135K [0x0000000760000000, 0x000000077fe80000, 0x00000007a0000000)
  object space 522752K, 10% used [0x0000000760000000,0x00000007635d7c30,0x000000077fe80000)
 Metaspace       used 52851K, capacity 53331K, committed 53632K, reserved 1093632K
  class space    used 10000K, capacity 10107K, committed 10112K, reserved 1048576K
}

