# JRE version: Java(TM) SE Runtime Environment (8.0-b132) (build 1.8.0-b132)
# Java VM: Java HotSpot(TM) 64-Bit Server VM (25.0-b70 mixed mode bsd-amd64 compressed oops)
Heap:
 PSYoungGen      total 379392K, used 65887K [0x00000007a0000000, 0x00000007bc280000, 0x00000007c0000000)
  eden space 347136K, 11% used [0x00000007a0000000,0x00000007a2801c18,0x00000007b5300000)
  from space 32256K, 77% used [0x00000007b5300000,0x00000007b6b56250,0x00000007b7280000)
  to   space 35840K, 0% used [0x00000007b9f80000,0x00000007b9f80000,0x00000007bc280000)
 ParOldGen       total 522752K, used 62269K [0x0000000760000000, 0x000000077fe80000, 0x00000007a0000000)
  object space 522752K, 11% used [0x0000000760000000,0x0000000763ccf770,0x000000077fe80000)
 Metaspace       used 94058K, capacity 94857K, committed 95952K, reserved 1128448K
  class space    used 17154K, capacity 17379K, committed 17792K, reserved 1048576K
GC Heap History (10 events):
Event: 2174.409 GC heap before
{Heap before GC invocations=55 (full 3):
 PSYoungGen      total 323072K, used 211460K [0x00000007a0000000, 0x00000007b7f00000, 0x00000007c0000000)
  eden space 285184K, 71% used [0x00000007a0000000,0x00000007ac5d9370,0x00000007b1680000)
  from space 37888K, 23% used [0x00000007b1680000,0x00000007b1f28060,0x00000007b3b80000)
  to   space 35840K, 0% used [0x00000007b5c00000,0x00000007b5c00000,0x00000007b7f00000)
 ParOldGen       total 522752K, used 70696K [0x0000000760000000, 0x000000077fe80000, 0x00000007a0000000)
  object space 522752K, 13% used [0x0000000760000000,0x000000076450a3d8,0x000000077fe80000)
 Metaspace       used 94845K, capacity 95751K, committed 95952K, reserved 1128448K
  class space    used 17557K, capacity 17778K, committed 17792K, reserved 1048576K
Event: 2174.415 GC heap after
Heap after GC invocations=55 (full 3):
 PSYoungGen      total 347136K, used 3175K [0x00000007a0000000, 0x00000007b7980000, 0x00000007c0000000)
  eden space 316928K, 0% used [0x00000007a0000000,0x00000007a0000000,0x00000007b3580000)
  from space 30208K, 10% used [0x00000007b5c00000,0x00000007b5f19dd0,0x00000007b7980000)
  to   space 34816K, 0% used [0x00000007b3580000,0x00000007b3580000,0x00000007b5780000)
 ParOldGen       total 522752K, used 70905K [0x0000000760000000, 0x000000077fe80000, 0x00000007a0000000)
  object space 522752K, 13% used [0x0000000760000000,0x000000076453e448,0x000000077fe80000)
 Metaspace       used 94845K, capacity 95751K, committed 95952K, reserved 1128448K
  class space    used 17557K, capacity 17778K, committed 17792K, reserved 1048576K
}
Event: 2174.415 GC heap before
{Heap before GC invocations=56 (full 4):
 PSYoungGen      total 347136K, used 3175K [0x00000007a0000000, 0x00000007b7980000, 0x00000007c0000000)
  eden space 316928K, 0% used [0x00000007a0000000,0x00000007a0000000,0x00000007b3580000)
  from space 30208K, 10% used [0x00000007b5c00000,0x00000007b5f19dd0,0x00000007b7980000)
  to   space 34816K, 0% used [0x00000007b3580000,0x00000007b3580000,0x00000007b5780000)
 ParOldGen       total 522752K, used 70905K [0x0000000760000000, 0x000000077fe80000, 0x00000007a0000000)
  object space 522752K, 13% used [0x0000000760000000,0x000000076453e448,0x000000077fe80000)
 Metaspace       used 94845K, capacity 95751K, committed 95952K, reserved 1128448K
  class space    used 17557K, capacity 17778K, committed 17792K, reserved 1048576K
Event: 2174.784 GC heap after
Heap after GC invocations=56 (full 4):
 PSYoungGen      total 347136K, used 0K [0x00000007a0000000, 0x00000007b7980000, 0x00000007c0000000)
  eden space 316928K, 0% used [0x00000007a0000000,0x00000007a0000000,0x00000007b3580000)
  from space 30208K, 0% used [0x00000007b5c00000,0x00000007b5c00000,0x00000007b7980000)
  to   space 34816K, 0% used [0x00000007b3580000,0x00000007b3580000,0x00000007b5780000)
 ParOldGen       total 522752K, used 61974K [0x0000000760000000, 0x000000077fe80000, 0x00000007a0000000)
  object space 522752K, 11% used [0x0000000760000000,0x0000000763c85b08,0x000000077fe80000)
 Metaspace       used 92448K, capacity 92985K, committed 95952K, reserved 1128448K
  class space    used 16728K, capacity 16913K, committed 17792K, reserved 1048576K
}
Event: 2211.019 GC heap before
{Heap before GC invocations=57 (full 4):
 PSYoungGen      total 347136K, used 316928K [0x00000007a0000000, 0x00000007b7980000, 0x00000007c0000000)
  eden space 316928K, 100% used [0x00000007a0000000,0x00000007b3580000,0x00000007b3580000)
  from space 30208K, 0% used [0x00000007b5c00000,0x00000007b5c00000,0x00000007b7980000)
  to   space 34816K, 0% used [0x00000007b3580000,0x00000007b3580000,0x00000007b5780000)
 ParOldGen       total 522752K, used 61974K [0x0000000760000000, 0x000000077fe80000, 0x00000007a0000000)
  object space 522752K, 11% used [0x0000000760000000,0x0000000763c85b08,0x000000077fe80000)
 Metaspace       used 92565K, capacity 93145K, committed 95952K, reserved 1128448K
  class space    used 16755K, capacity 16945K, committed 17792K, reserved 1048576K
Event: 2211.023 GC heap after
Heap after GC invocations=57 (full 4):
 PSYoungGen      total 351744K, used 2724K [0x00000007a0000000, 0x00000007b9a00000, 0x00000007c0000000)
  eden space 316928K, 0% used [0x00000007a0000000,0x00000007a0000000,0x00000007b3580000)
  from space 34816K, 7% used [0x00000007b3580000,0x00000007b3829340,0x00000007b5780000)
  to   space 33792K, 0% used [0x00000007b7900000,0x00000007b7900000,0x00000007b9a00000)
 ParOldGen       total 522752K, used 61982K [0x0000000760000000, 0x000000077fe80000, 0x00000007a0000000)
  object space 522752K, 11% used [0x0000000760000000,0x0000000763c87b08,0x000000077fe80000)
 Metaspace       used 92565K, capacity 93145K, committed 95952K, reserved 1128448K
  class space    used 16755K, capacity 16945K, committed 17792K, reserved 1048576K
}
Event: 2326.557 GC heap before
{Heap before GC invocations=58 (full 4):
 PSYoungGen      total 351744K, used 319652K [0x00000007a0000000, 0x00000007b9a00000, 0x00000007c0000000)
  eden space 316928K, 100% used [0x00000007a0000000,0x00000007b3580000,0x00000007b3580000)
  from space 34816K, 7% used [0x00000007b3580000,0x00000007b3829340,0x00000007b5780000)
  to   space 33792K, 0% used [0x00000007b7900000,0x00000007b7900000,0x00000007b9a00000)
 ParOldGen       total 522752K, used 61982K [0x0000000760000000, 0x000000077fe80000, 0x00000007a0000000)
  object space 522752K, 11% used [0x0000000760000000,0x0000000763c87b08,0x000000077fe80000)
 Metaspace       used 93795K, capacity 94577K, committed 95952K, reserved 1128448K
  class space    used 17040K, capacity 17247K, committed 17792K, reserved 1048576K
Event: 2326.565 GC heap after
Heap after GC invocations=58 (full 4):
 PSYoungGen      total 372736K, used 4470K [0x00000007a0000000, 0x00000007b9200000, 0x00000007c0000000)
  eden space 347136K, 0% used [0x00000007a0000000,0x00000007a0000000,0x00000007b5300000)
  from space 25600K, 17% used [0x00000007b7900000,0x00000007b7d5da10,0x00000007b9200000)
  to   space 32256K, 0% used [0x00000007b5300000,0x00000007b5300000,0x00000007b7280000)
 ParOldGen       total 522752K, used 62261K [0x0000000760000000, 0x000000077fe80000, 0x00000007a0000000)
  object space 522752K, 11% used [0x0000000760000000,0x0000000763ccd770,0x000000077fe80000)
 Metaspace       used 93795K, capacity 94577K, committed 95952K, reserved 1128448K
  class space    used 17040K, capacity 17247K, committed 17792K, reserved 1048576K
}
Event: 2327.317 GC heap before
{Heap before GC invocations=59 (full 4):
 PSYoungGen      total 372736K, used 351606K [0x00000007a0000000, 0x00000007b9200000, 0x00000007c0000000)
  eden space 347136K, 100% used [0x00000007a0000000,0x00000007b5300000,0x00000007b5300000)
  from space 25600K, 17% used [0x00000007b7900000,0x00000007b7d5da10,0x00000007b9200000)
  to   space 32256K, 0% used [0x00000007b5300000,0x00000007b5300000,0x00000007b7280000)
 ParOldGen       total 522752K, used 62261K [0x0000000760000000, 0x000000077fe80000, 0x00000007a0000000)
  object space 522752K, 11% used [0x0000000760000000,0x0000000763ccd770,0x000000077fe80000)
 Metaspace       used 93976K, capacity 94793K, committed 95952K, reserved 1128448K
  class space    used 17140K, capacity 17379K, committed 17792K, reserved 1048576K
Event: 2327.343 GC heap after
Heap after GC invocations=59 (full 4):
 PSYoungGen      total 379392K, used 24920K [0x00000007a0000000, 0x00000007bc280000, 0x00000007c0000000)
  eden space 347136K, 0% used [0x00000007a0000000,0x00000007a0000000,0x00000007b5300000)
  from space 32256K, 77% used [0x00000007b5300000,0x00000007b6b56250,0x00000007b7280000)
  to   space 35840K, 0% used [0x00000007b9f80000,0x00000007b9f80000,0x00000007bc280000)
 ParOldGen       total 522752K, used 62269K [0x0000000760000000, 0x000000077fe80000, 0x00000007a0000000)
  object space 522752K, 11% used [0x0000000760000000,0x0000000763ccf770,0x000000077fe80000)
 Metaspace       used 93976K, capacity 94793K, committed 95952K, reserved 1128448K
  class space    used 17140K, capacity 17379K, committed 17792K, reserved 1048576K
}

