# JRE version: Java(TM) SE Runtime Environment (8.0-b132) (build 1.8.0-b132)
# Java VM: Java HotSpot(TM) 64-Bit Server VM (25.0-b70 mixed mode bsd-amd64 compressed oops)
Heap:
 PSYoungGen      total 289792K, used 181668K [0x00000007a0000000, 0x00000007b5280000, 0x00000007c0000000)
  eden space 238080K, 73% used [0x00000007a0000000,0x00000007aaa77ce8,0x00000007ae880000)
  from space 51712K, 13% used [0x00000007b2000000,0x00000007b26f14a8,0x00000007b5280000)
  to   space 54272K, 0% used [0x00000007ae880000,0x00000007ae880000,0x00000007b1d80000)
 ParOldGen       total 522752K, used 110563K [0x0000000760000000, 0x000000077fe80000, 0x00000007a0000000)
  object space 522752K, 21% used [0x0000000760000000,0x0000000766bf8dc8,0x000000077fe80000)
 Metaspace       used 130710K, capacity 133457K, committed 133592K, reserved 1157120K
  class space    used 25800K, capacity 26294K, committed 26328K, reserved 1048576K
GC Heap History (10 events):
Event: 5172.778 GC heap before
{Heap before GC invocations=84 (full 4):
 PSYoungGen      total 288256K, used 260309K [0x00000007a0000000, 0x00000007b6300000, 0x00000007c0000000)
  eden space 224256K, 100% used [0x00000007a0000000,0x00000007adb00000,0x00000007adb00000)
  from space 64000K, 56% used [0x00000007adb00000,0x00000007afe357c0,0x00000007b1980000)
  to   space 65536K, 0% used [0x00000007b2300000,0x00000007b2300000,0x00000007b6300000)
 ParOldGen       total 522752K, used 109659K [0x0000000760000000, 0x000000077fe80000, 0x00000007a0000000)
  object space 522752K, 20% used [0x0000000760000000,0x0000000766b16dc8,0x000000077fe80000)
 Metaspace       used 125812K, capacity 128377K, committed 128600K, reserved 1153024K
  class space    used 24830K, capacity 25370K, committed 25432K, reserved 1048576K
Event: 5172.790 GC heap after
Heap after GC invocations=84 (full 4):
 PSYoungGen      total 286720K, used 18506K [0x00000007a0000000, 0x00000007b5980000, 0x00000007c0000000)
  eden space 230912K, 0% used [0x00000007a0000000,0x00000007a0000000,0x00000007ae180000)
  from space 55808K, 33% used [0x00000007b2300000,0x00000007b3512868,0x00000007b5980000)
  to   space 61440K, 0% used [0x00000007ae180000,0x00000007ae180000,0x00000007b1d80000)
 ParOldGen       total 522752K, used 109931K [0x0000000760000000, 0x000000077fe80000, 0x00000007a0000000)
  object space 522752K, 21% used [0x0000000760000000,0x0000000766b5adc8,0x000000077fe80000)
 Metaspace       used 125812K, capacity 128377K, committed 128600K, reserved 1153024K
  class space    used 24830K, capacity 25370K, committed 25432K, reserved 1048576K
}
Event: 5251.776 GC heap before
{Heap before GC invocations=85 (full 4):
 PSYoungGen      total 286720K, used 249418K [0x00000007a0000000, 0x00000007b5980000, 0x00000007c0000000)
  eden space 230912K, 100% used [0x00000007a0000000,0x00000007ae180000,0x00000007ae180000)
  from space 55808K, 33% used [0x00000007b2300000,0x00000007b3512868,0x00000007b5980000)
  to   space 61440K, 0% used [0x00000007ae180000,0x00000007ae180000,0x00000007b1d80000)
 ParOldGen       total 522752K, used 109931K [0x0000000760000000, 0x000000077fe80000, 0x00000007a0000000)
  object space 522752K, 21% used [0x0000000760000000,0x0000000766b5adc8,0x000000077fe80000)
 Metaspace       used 127165K, capacity 129709K, committed 129880K, reserved 1153024K
  class space    used 25077K, capacity 25602K, committed 25688K, reserved 1048576K
Event: 5251.782 GC heap after
Heap after GC invocations=85 (full 4):
 PSYoungGen      total 292352K, used 7207K [0x00000007a0000000, 0x00000007b5b80000, 0x00000007c0000000)
  eden space 230912K, 0% used [0x00000007a0000000,0x00000007a0000000,0x00000007ae180000)
  from space 61440K, 11% used [0x00000007ae180000,0x00000007ae889f50,0x00000007b1d80000)
  to   space 59904K, 0% used [0x00000007b2100000,0x00000007b2100000,0x00000007b5b80000)
 ParOldGen       total 522752K, used 110011K [0x0000000760000000, 0x000000077fe80000, 0x00000007a0000000)
  object space 522752K, 21% used [0x0000000760000000,0x0000000766b6edc8,0x000000077fe80000)
 Metaspace       used 127165K, capacity 129709K, committed 129880K, reserved 1153024K
  class space    used 25077K, capacity 25602K, committed 25688K, reserved 1048576K
}
Event: 5314.856 GC heap before
{Heap before GC invocations=86 (full 4):
 PSYoungGen      total 292352K, used 238119K [0x00000007a0000000, 0x00000007b5b80000, 0x00000007c0000000)
  eden space 230912K, 100% used [0x00000007a0000000,0x00000007ae180000,0x00000007ae180000)
  from space 61440K, 11% used [0x00000007ae180000,0x00000007ae889f50,0x00000007b1d80000)
  to   space 59904K, 0% used [0x00000007b2100000,0x00000007b2100000,0x00000007b5b80000)
 ParOldGen       total 522752K, used 110011K [0x0000000760000000, 0x000000077fe80000, 0x00000007a0000000)
  object space 522752K, 21% used [0x0000000760000000,0x0000000766b6edc8,0x000000077fe80000)
 Metaspace       used 127396K, capacity 129965K, committed 130136K, reserved 1153024K
  class space    used 25083K, capacity 25602K, committed 25688K, reserved 1048576K
Event: 5314.860 GC heap after
Heap after GC invocations=86 (full 4):
 PSYoungGen      total 290816K, used 4960K [0x00000007a0000000, 0x00000007b5780000, 0x00000007c0000000)
  eden space 235008K, 0% used [0x00000007a0000000,0x00000007a0000000,0x00000007ae580000)
  from space 55808K, 8% used [0x00000007b2100000,0x00000007b25d8220,0x00000007b5780000)
  to   space 58368K, 0% used [0x00000007ae580000,0x00000007ae580000,0x00000007b1e80000)
 ParOldGen       total 522752K, used 110147K [0x0000000760000000, 0x000000077fe80000, 0x00000007a0000000)
  object space 522752K, 21% used [0x0000000760000000,0x0000000766b90dc8,0x000000077fe80000)
 Metaspace       used 127396K, capacity 129965K, committed 130136K, reserved 1153024K
  class space    used 25083K, capacity 25602K, committed 25688K, reserved 1048576K
}
Event: 5528.851 GC heap before
{Heap before GC invocations=87 (full 4):
 PSYoungGen      total 290816K, used 239968K [0x00000007a0000000, 0x00000007b5780000, 0x00000007c0000000)
  eden space 235008K, 100% used [0x00000007a0000000,0x00000007ae580000,0x00000007ae580000)
  from space 55808K, 8% used [0x00000007b2100000,0x00000007b25d8220,0x00000007b5780000)
  to   space 58368K, 0% used [0x00000007ae580000,0x00000007ae580000,0x00000007b1e80000)
 ParOldGen       total 522752K, used 110147K [0x0000000760000000, 0x000000077fe80000, 0x00000007a0000000)
  object space 522752K, 21% used [0x0000000760000000,0x0000000766b90dc8,0x000000077fe80000)
 Metaspace       used 127615K, capacity 130181K, committed 130264K, reserved 1153024K
  class space    used 25191K, capacity 25734K, committed 25816K, reserved 1048576K
Event: 5528.858 GC heap after
Heap after GC invocations=87 (full 4):
 PSYoungGen      total 293376K, used 6304K [0x00000007a0000000, 0x00000007b5780000, 0x00000007c0000000)
  eden space 235008K, 0% used [0x00000007a0000000,0x00000007a0000000,0x00000007ae580000)
  from space 58368K, 10% used [0x00000007ae580000,0x00000007aeba8210,0x00000007b1e80000)
  to   space 56832K, 0% used [0x00000007b2000000,0x00000007b2000000,0x00000007b5780000)
 ParOldGen       total 522752K, used 110411K [0x0000000760000000, 0x000000077fe80000, 0x00000007a0000000)
  object space 522752K, 21% used [0x0000000760000000,0x0000000766bd2dc8,0x000000077fe80000)
 Metaspace       used 127615K, capacity 130181K, committed 130264K, reserved 1153024K
  class space    used 25191K, capacity 25734K, committed 25816K, reserved 1048576K
}
Event: 5538.914 GC heap before
{Heap before GC invocations=88 (full 4):
 PSYoungGen      total 293376K, used 241312K [0x00000007a0000000, 0x00000007b5780000, 0x00000007c0000000)
  eden space 235008K, 100% used [0x00000007a0000000,0x00000007ae580000,0x00000007ae580000)
  from space 58368K, 10% used [0x00000007ae580000,0x00000007aeba8210,0x00000007b1e80000)
  to   space 56832K, 0% used [0x00000007b2000000,0x00000007b2000000,0x00000007b5780000)
 ParOldGen       total 522752K, used 110411K [0x0000000760000000, 0x000000077fe80000, 0x00000007a0000000)
  object space 522752K, 21% used [0x0000000760000000,0x0000000766bd2dc8,0x000000077fe80000)
 Metaspace       used 128747K, capacity 131417K, committed 131672K, reserved 1155072K
  class space    used 25412K, capacity 25934K, committed 25944K, reserved 1048576K
Event: 5538.920 GC heap after
Heap after GC invocations=88 (full 4):
 PSYoungGen      total 289792K, used 7109K [0x00000007a0000000, 0x00000007b5280000, 0x00000007c0000000)
  eden space 238080K, 0% used [0x00000007a0000000,0x00000007a0000000,0x00000007ae880000)
  from space 51712K, 13% used [0x00000007b2000000,0x00000007b26f14a8,0x00000007b5280000)
  to   space 54272K, 0% used [0x00000007ae880000,0x00000007ae880000,0x00000007b1d80000)
 ParOldGen       total 522752K, used 110563K [0x0000000760000000, 0x000000077fe80000, 0x00000007a0000000)
  object space 522752K, 21% used [0x0000000760000000,0x0000000766bf8dc8,0x000000077fe80000)
 Metaspace       used 128747K, capacity 131417K, committed 131672K, reserved 1155072K
  class space    used 25412K, capacity 25934K, committed 25944K, reserved 1048576K
}

